<?xml version="1.0" encoding="UTF-8"?>
<!-- Generated by org.testng.reporters.JUnitReportReporter -->
<testsuite hostname="KELLGGNLPTP1383" failures="0" tests="1" name="extentReports.ExtentReportsClass" time="0.968" errors="0" timestamp="2023-07-21T00:09:41 IST" skipped="0">
  <testcase classname="extentReports.ExtentReportsClass" name="initReport" time="0.968"/>
  <system-out/>
</testsuite> <!-- extentReports.ExtentReportsClass -->
