<?xml version="1.0" encoding="UTF-8"?>
<!-- Generated by org.testng.reporters.JUnitReportReporter -->
<testsuite hostname="KELLGGNLPTP1383" failures="0" tests="5" name="testRest.ValidationOverJson" time="1.745" errors="0" timestamp="2023-07-25T01:59:55 IST" skipped="0">
  <testcase classname="testRest.ValidationOverJson" name="prnitPaths" time="0.916"/>
  <system-out/>
  <testcase classname="testRest.ValidationOverJson" name="prnitPaths1" time="0.221"/>
  <system-out/>
  <testcase classname="testRest.ValidationOverJson" name="validateJsonSchema" time="0.479"/>
  <system-out/>
  <testcase classname="testRest.ValidationOverJson" name="prnitPathsDeserialized" time="0.056"/>
  <system-out/>
  <testcase classname="testRest.ValidationOverJson" name="storeResponse" time="0.073"/>
  <system-out/>
</testsuite> <!-- testRest.ValidationOverJson -->
