<?xml version="1.0" encoding="UTF-8"?>
<!-- Generated by org.testng.reporters.JUnitReportReporter -->
<testsuite hostname="KELLGGNLPTP1383" failures="0" tests="2" name="testRest.PostUsingPojoASReqBody" time="0.161" errors="0" timestamp="2023-07-21T02:02:06 IST" skipped="0">
  <testcase classname="testRest.PostUsingPojoASReqBody" name="postUsingPojoAsBody" time="0.089"/>
  <system-out/>
  <testcase classname="testRest.PostUsingPojoASReqBody" name="postUsingPojoAsBodyUsingDefaultPojoValues" time="0.072"/>
  <system-out/>
</testsuite> <!-- testRest.PostUsingPojoASReqBody -->
