<?xml version="1.0" encoding="UTF-8"?>
<!-- Generated by org.testng.reporters.JUnitReportReporter -->
<testsuite hostname="KELLGGNLPTP1383" failures="0" tests="5" name="testRest.ValidationOverJson" time="1.798" errors="0" timestamp="2023-07-31T03:17:39 IST" skipped="0">
  <testcase classname="testRest.ValidationOverJson" name="prnitPaths" time="0.781"/>
  <system-out/>
  <testcase classname="testRest.ValidationOverJson" name="storeResponse" time="0.084"/>
  <system-out/>
  <testcase classname="testRest.ValidationOverJson" name="prnitPaths1" time="0.259"/>
  <system-out/>
  <testcase classname="testRest.ValidationOverJson" name="prnitPathsDeserialized" time="0.057"/>
  <system-out/>
  <testcase classname="testRest.ValidationOverJson" name="validateJsonSchema" time="0.617"/>
  <system-out/>
</testsuite> <!-- testRest.ValidationOverJson -->
