<?xml version="1.0" encoding="UTF-8"?>
<!-- Generated by org.testng.reporters.JUnitReportReporter -->
<testsuite hostname="KELLGGNLPTP1383" failures="0" tests="5" name="testRest.ValidationOverJson" time="4.012" errors="0" timestamp="2023-07-19T16:12:58 IST" skipped="0">
  <testcase classname="testRest.ValidationOverJson" name="prnitPathsDeserialized" time="0.517"/>
  <system-out/>
  <testcase classname="testRest.ValidationOverJson" name="prnitPaths" time="2.778"/>
  <system-out/>
  <testcase classname="testRest.ValidationOverJson" name="prnitPaths1" time="0.159"/>
  <system-out/>
  <testcase classname="testRest.ValidationOverJson" name="validateJsonSchema" time="0.476"/>
  <system-out/>
  <testcase classname="testRest.ValidationOverJson" name="storeResponse" time="0.082"/>
  <system-out/>
</testsuite> <!-- testRest.ValidationOverJson -->
