<?xml version="1.0" encoding="UTF-8"?>
<!-- Generated by org.testng.reporters.JUnitReportReporter -->
<testsuite hostname="KELLGGNLPTP1383" failures="0" tests="3" name="testRest.GetRequests" time="2.054" errors="0" timestamp="2023-07-19T14:27:03 IST" skipped="0">
  <testcase classname="testRest.GetRequests" name="getSimple" time="1.822"/>
  <system-out/>
  <testcase classname="testRest.GetRequests" name="getSimplewithQuery" time="0.063"/>
  <system-out/>
  <testcase classname="testRest.GetRequests" name="getSimplewithPath" time="0.169"/>
  <system-out/>
</testsuite> <!-- testRest.GetRequests -->
