<?xml version="1.0" encoding="UTF-8"?>
<!-- Generated by org.testng.reporters.JUnitReportReporter -->
<testsuite hostname="KELLGGNLPTP1383" failures="0" tests="3" name="testRest.PostUsingLomBok" time="0.391" errors="0" timestamp="2023-07-31T03:17:39 IST" skipped="0">
  <testcase classname="testRest.PostUsingLomBok" name="postUsingLombokAsBodyUsingPojosimple" time="0.060"/>
  <system-out/>
  <testcase classname="testRest.PostUsingLomBok" name="postUsingLombokAsBodyUsingPojosimple1" time="0.050"/>
  <system-out/>
  <testcase classname="testRest.PostUsingLomBok" name="postUsingLombokAsBodyUsingPojo" time="0.281"/>
  <system-out/>
</testsuite> <!-- testRest.PostUsingLomBok -->
