<?xml version="1.0" encoding="UTF-8"?>
<!-- Generated by org.testng.reporters.JUnitReportReporter -->
<testsuite hostname="KELLGGNLPTP1383" failures="0" tests="10" name="practice.Practice" time="6.162" errors="0" timestamp="2023-07-19T01:44:34 IST" skipped="0">
  <testcase classname="practice.Practice" name="postBodyAsMapHashMapOnLittleMoreComplex" time="0.229"/>
  <system-out/>
  <testcase classname="practice.Practice" name="postBodyAsMapHashMap" time="1.014"/>
  <system-out/>
  <testcase classname="practice.Practice" name="getResponsewithReq" time="0.056"/>
  <system-out/>
  <testcase classname="practice.Practice" name="postBodyAsMapHashMapOnLittleMoreComplexUsingJsonLibrarayFromOrgdotJson" time="0.194"/>
  <system-out/>
  <testcase classname="practice.Practice" name="getRequst" time="0.141"/>
  <system-out/>
  <testcase classname="practice.Practice" name="getHeaders" time="3.529"/>
  <system-out/>
  <testcase classname="practice.Practice" name="postAsFileAndAlsoRead" time="0.555"/>
  <system-out/>
  <testcase classname="practice.Practice" name="postBodyAsJsonFile" time="0.121"/>
  <system-out/>
  <testcase classname="practice.Practice" name="postBodyAsString" time="0.195"/>
  <system-out/>
  <testcase classname="practice.Practice" name="postAsFileAndAlsoReadAndReplace" time="0.128"/>
  <system-out/>
</testsuite> <!-- practice.Practice -->
