<?xml version="1.0" encoding="UTF-8"?>
<!-- Generated by org.testng.reporters.JUnitReportReporter -->
<testsuite hostname="KELLGGNLPTP1383" failures="0" tests="2" name="testRest.CreatingBodyUsingExBuilder" time="0.183" errors="0" timestamp="2023-07-21T02:02:06 IST" skipped="0">
  <testcase classname="testRest.CreatingBodyUsingExBuilder" name="Print_builder1" time="0.063"/>
  <system-out/>
  <testcase classname="testRest.CreatingBodyUsingExBuilder" name="Print_builder" time="0.120"/>
  <system-out/>
</testsuite> <!-- testRest.CreatingBodyUsingExBuilder -->
