<?xml version="1.0" encoding="UTF-8"?>
<!-- Generated by org.testng.reporters.JUnitReportReporter -->
<testsuite hostname="KELLGGNLPTP1383" failures="0" tests="5" name="testRest.ValidationOverJson" time="1.586" errors="0" timestamp="2023-07-21T02:02:06 IST" skipped="0">
  <testcase classname="testRest.ValidationOverJson" name="storeResponse" time="0.068"/>
  <system-out/>
  <testcase classname="testRest.ValidationOverJson" name="prnitPathsDeserialized" time="0.061"/>
  <system-out/>
  <testcase classname="testRest.ValidationOverJson" name="prnitPaths1" time="0.194"/>
  <system-out/>
  <testcase classname="testRest.ValidationOverJson" name="prnitPaths" time="0.785"/>
  <system-out/>
  <testcase classname="testRest.ValidationOverJson" name="validateJsonSchema" time="0.478"/>
  <system-out/>
</testsuite> <!-- testRest.ValidationOverJson -->
