<?xml version="1.0" encoding="UTF-8"?>
<!-- Generated by org.testng.reporters.JUnitReportReporter -->
<testsuite hostname="KELLGGNLPTP1383" failures="0" tests="1" name="testRest.UsersApiChainingDeleteTests" time="0.304" errors="0" timestamp="2023-07-31T03:17:39 IST" skipped="0">
  <testcase classname="testRest.UsersApiChainingDeleteTests" name="deleteUser" time="0.304"/>
  <system-out/>
</testsuite> <!-- testRest.UsersApiChainingDeleteTests -->
