<?xml version="1.0" encoding="UTF-8"?>
<!-- Generated by org.testng.reporters.JUnitReportReporter -->
<testsuite hostname="KELLGGNLPTP1383" failures="0" tests="3" name="testRest.GetRequests" time="3.176" errors="0" timestamp="2023-07-31T03:17:39 IST" skipped="0">
  <testcase classname="testRest.GetRequests" name="getSimplewithQuery" time="0.043"/>
  <system-out/>
  <testcase classname="testRest.GetRequests" name="getSimple" time="3.076"/>
  <system-out/>
  <testcase classname="testRest.GetRequests" name="getSimplewithPath" time="0.057"/>
  <system-out/>
</testsuite> <!-- testRest.GetRequests -->
