<?xml version="1.0" encoding="UTF-8"?>
<!-- Generated by org.testng.reporters.JUnitReportReporter -->
<testsuite hostname="KELLGGNLPTP1383" failures="0" tests="2" name="testRest.PostUsingPojoASReqBody" time="4.314" errors="0" timestamp="2023-07-19T02:55:57 IST" skipped="0">
  <testcase classname="testRest.PostUsingPojoASReqBody" name="postUsingPojoAsBody" time="4.212"/>
  <system-out/>
  <testcase classname="testRest.PostUsingPojoASReqBody" name="postUsingPojoAsBodyUsingDefaultPojoValues" time="0.102"/>
  <system-out/>
</testsuite> <!-- testRest.PostUsingPojoASReqBody -->
