<?xml version="1.0" encoding="UTF-8"?>
<!-- Generated by org.testng.reporters.JUnitReportReporter -->
<testsuite hostname="KELLGGNLPTP1383" failures="0" tests="1" name="testRest.UsersApiChainingCreateTests" time="0.914" errors="0" timestamp="2023-07-31T03:17:39 IST" skipped="0">
  <testcase classname="testRest.UsersApiChainingCreateTests" name="createUser" time="0.914"/>
  <system-out/>
</testsuite> <!-- testRest.UsersApiChainingCreateTests -->
