<?xml version="1.0" encoding="UTF-8"?>
<!-- Generated by org.testng.reporters.JUnitReportReporter -->
<testsuite hostname="KELLGGNLPTP1383" failures="0" tests="1" name="baseLibrary.ExcelUtil" time="3.102" errors="0" timestamp="2023-07-31T03:54:39 IST" skipped="0">
  <testcase classname="baseLibrary.ExcelUtil" name="writeExcel" time="3.102"/>
  <system-out/>
</testsuite> <!-- baseLibrary.ExcelUtil -->
