<?xml version="1.0" encoding="UTF-8"?>
<!-- Generated by org.testng.reporters.JUnitReportReporter -->
<testsuite hostname="KELLGGNLPTP1383" failures="0" tests="3" name="testRest.PostUsingLomBok" time="0.412" errors="0" timestamp="2023-07-25T01:59:55 IST" skipped="0">
  <testcase classname="testRest.PostUsingLomBok" name="postUsingLombokAsBodyUsingPojosimple" time="0.075"/>
  <system-out/>
  <testcase classname="testRest.PostUsingLomBok" name="postUsingLombokAsBodyUsingPojosimple1" time="0.057"/>
  <system-out/>
  <testcase classname="testRest.PostUsingLomBok" name="postUsingLombokAsBodyUsingPojo" time="0.280"/>
  <system-out/>
</testsuite> <!-- testRest.PostUsingLomBok -->
