<?xml version="1.0" encoding="UTF-8"?>
<!-- Generated by org.testng.reporters.JUnitReportReporter -->
<testsuite hostname="KELLGGNLPTP1383" failures="0" tests="2" name="testRest.PostUsingPojoASReqBody" time="0.117" errors="0" timestamp="2023-07-25T01:59:55 IST" skipped="0">
  <testcase classname="testRest.PostUsingPojoASReqBody" name="postUsingPojoAsBodyUsingDefaultPojoValues" time="0.047"/>
  <system-out/>
  <testcase classname="testRest.PostUsingPojoASReqBody" name="postUsingPojoAsBody" time="0.070"/>
  <system-out/>
</testsuite> <!-- testRest.PostUsingPojoASReqBody -->
