<?xml version="1.0" encoding="UTF-8"?>
<!-- Generated by org.testng.reporters.JUnitReportReporter -->
<testsuite hostname="KELLGGNLPTP1383" failures="0" tests="3" name="testRest.PostUsingLomBok" time="2.991" errors="0" timestamp="2023-07-19T13:54:20 IST" skipped="0">
  <testcase classname="testRest.PostUsingLomBok" name="postUsingLombokAsBodyUsingPojo" time="2.603"/>
  <system-out/>
  <testcase classname="testRest.PostUsingLomBok" name="postUsingLombokAsBodyUsingPojosimple" time="0.311"/>
  <system-out/>
  <testcase classname="testRest.PostUsingLomBok" name="postUsingLombokAsBodyUsingPojosimple1" time="0.077"/>
  <system-out/>
</testsuite> <!-- testRest.PostUsingLomBok -->
